<?xml version="1.0" encoding="UTF-8"?>
<!-- Generated by org.testng.reporters.JUnitXMLReporter -->
<testsuite ignored="0" hostname="TomImDil" failures="0" tests="2" name="Test" time="16.744" errors="0" timestamp="2026-04-27T18:04:26 EDT">
  <testcase classname="testscript.ManageCategoryTest" name="verifyUploadFile" time="4.749">
    <skipped/>
  </testcase> <!-- verifyUploadFile -->
  <testcase classname="testscript.ManageCategoryTest" name="verifyUploadFile" time="6.427"/>
</testsuite> <!-- Test -->
