<?xml version="1.0" encoding="UTF-8"?>
<testng-results ignored="0" total="1" passed="1" failed="0" skipped="0">
  <reporter-output>
  </reporter-output>
  <suite started-at="2026-04-26T19:46:17 EDT" name="Suite" finished-at="2026-04-26T19:46:28 EDT" duration-ms="10824">
    <groups>
      <group name="smoke">
        <method signature="ManageCategoryTest.verifyUploadFile()[pri:0, instance:testscript.ManageCategoryTest@411f53a0]" name="verifyUploadFile" class="testscript.ManageCategoryTest"/>
      </group> <!-- smoke -->
    </groups>
    <test started-at="2026-04-26T19:46:17 EDT" name="Test" finished-at="2026-04-26T19:46:28 EDT" duration-ms="10824">
      <class name="testscript.ManageCategoryTest">
        <test-method is-config="true" signature="browserinitialization(java.lang.String)[pri:0, instance:testscript.ManageCategoryTest@411f53a0]" started-at="2026-04-26T19:46:17 EDT" name="browserinitialization" finished-at="2026-04-26T19:46:21 EDT" duration-ms="3856" status="PASS">
          <params>
            <param index="0">
              <value>
                <![CDATA[chrome]]>
              </value>
            </param>
          </params>
          <reporter-output>
          </reporter-output>
        </test-method> <!-- browserinitialization -->
        <test-method signature="verifyUploadFile()[pri:0, instance:testscript.ManageCategoryTest@411f53a0]" started-at="2026-04-26T19:46:21 EDT" name="verifyUploadFile" description="Managecategory Testcase" finished-at="2026-04-26T19:46:28 EDT" duration-ms="6668" status="PASS">
          <reporter-output>
          </reporter-output>
        </test-method> <!-- verifyUploadFile -->
        <test-method is-config="true" signature="browserCloseAndQuit()[pri:0, instance:testscript.ManageCategoryTest@411f53a0]" started-at="2026-04-26T19:46:28 EDT" name="browserCloseAndQuit" finished-at="2026-04-26T19:46:28 EDT" duration-ms="246" status="PASS">
          <reporter-output>
          </reporter-output>
        </test-method> <!-- browserCloseAndQuit -->
      </class> <!-- testscript.ManageCategoryTest -->
    </test> <!-- Test -->
  </suite> <!-- Suite -->
</testng-results>
