<?xml version="1.0" encoding="UTF-8"?>
<!-- Generated by org.testng.reporters.JUnitReportReporter -->
<testsuite hostname="TomImDil" failures="0" tests="4" name="testscript.LoginTest" time="19.580" errors="0" timestamp="2026-04-21T18:22:09 EDT" skipped="0">
  <testcase classname="testscript.LoginTest" name="verifyTheUserIsAbleToLoginUsingValidCred" time="5.481"/>
  <testcase classname="testscript.LoginTest" name="verifyTheUserIsAbleToLoginUsingInValidPswrd" time="4.411"/>
  <testcase classname="testscript.LoginTest" name="verifyTheUserIsAbleToLoginUsingInValidUser" time="5.343"/>
  <testcase classname="testscript.LoginTest" name="verifyTheUserIsAbleToLoginUsingInValidBoth" time="4.345"/>
</testsuite> <!-- testscript.LoginTest -->
