<?xml version="1.0" encoding="UTF-8"?>
<!-- Generated by org.testng.reporters.JUnitReportReporter -->
<testsuite hostname="TomImDil" failures="0" tests="2" name="testscript.ManageCategoryTest" time="16.679" errors="0" timestamp="2026-04-27T18:04:27 EDT" skipped="1">
  <testcase classname="testscript.ManageCategoryTest" name="verifyUploadFile" time="8.760"/>
  <testcase classname="testscript.ManageCategoryTest" name="verifyUploadFile" time="7.919">
    <skipped/>
  </testcase> <!-- verifyUploadFile -->
</testsuite> <!-- testscript.ManageCategoryTest -->
