<?xml version="1.0" encoding="UTF-8"?>
<!-- Generated by org.testng.reporters.JUnitReportReporter -->
<testsuite hostname="TomImDil" failures="0" tests="2" name="testscript.ManageCategoryTest" time="20.509" errors="0" timestamp="2026-04-23T16:12:56 EDT" skipped="0">
  <testcase classname="testscript.ManageCategoryTest" name="verifyUploadFile" time="10.005"/>
  <testcase classname="testscript.ManageCategoryTest" name="verifyUploadFile" time="10.504"/>
</testsuite> <!-- testscript.ManageCategoryTest -->
